  Date.cpp
  ms3_tester.cpp
C:\Users\Nicole Chan\Desktop\Seneca-Summer-2023\OOP244\MS03\Streamable.h(54,21): error C2523: 'sdds::Streamable::~Lib': destructor tag mismatch
C:\Users\Nicole Chan\Desktop\Seneca-Summer-2023\OOP244\MS03\Streamable.h(62,48): error C2061: syntax error: identifier 'Lib'
C:\Users\Nicole Chan\Desktop\Seneca-Summer-2023\OOP244\MS03\Streamable.h(62,19): error C2805: binary 'operator >>' has too few parameters
C:\Users\Nicole Chan\Desktop\Seneca-Summer-2023\OOP244\MS03\Streamable.h(68,57): error C4430: missing type specifier - int assumed. Note: C++ does not support default-int
C:\Users\Nicole Chan\Desktop\Seneca-Summer-2023\OOP244\MS03\Streamable.h(68,57): error C2143: syntax error: missing ',' before '&'
C:\Users\Nicole Chan\Desktop\Seneca-Summer-2023\OOP244\MS03\Publication.h(37,33): error C2504: 'Lib': base class undefined
C:\Users\Nicole Chan\Desktop\Seneca-Summer-2023\OOP244\MS03\ms3_tester.cpp(27,4): error C2678: binary '>>': no operator found which takes a left-hand operand of type 'std::istream' (or there is no acceptable conversion)
C:\Program Files\Microsoft Visual Studio\2022\Community\VC\Tools\MSVC\14.36.32532\include\istream(299,39): message : could be 'std::basic_istream<char,std::char_traits<char>> &std::basic_istream<char,std::char_traits<char>>::operator >>(std::basic_streambuf<char,std::char_traits<char>> *)'
C:\Program Files\Microsoft Visual Studio\2022\Community\VC\Tools\MSVC\14.36.32532\include\istream(295,39): message : or       'std::basic_istream<char,std::char_traits<char>> &std::basic_istream<char,std::char_traits<char>>::operator >>(void *&)'
C:\Program Files\Microsoft Visual Studio\2022\Community\VC\Tools\MSVC\14.36.32532\include\istream(291,39): message : or       'std::basic_istream<char,std::char_traits<char>> &std::basic_istream<char,std::char_traits<char>>::operator >>(long double &)'
C:\Program Files\Microsoft Visual Studio\2022\Community\VC\Tools\MSVC\14.36.32532\include\istream(287,39): message : or       'std::basic_istream<char,std::char_traits<char>> &std::basic_istream<char,std::char_traits<char>>::operator >>(double &)'
C:\Program Files\Microsoft Visual Studio\2022\Community\VC\Tools\MSVC\14.36.32532\include\istream(283,39): message : or       'std::basic_istream<char,std::char_traits<char>> &std::basic_istream<char,std::char_traits<char>>::operator >>(float &)'
C:\Program Files\Microsoft Visual Studio\2022\Community\VC\Tools\MSVC\14.36.32532\include\istream(279,39): message : or       'std::basic_istream<char,std::char_traits<char>> &std::basic_istream<char,std::char_traits<char>>::operator >>(unsigned __int64 &)'
C:\Program Files\Microsoft Visual Studio\2022\Community\VC\Tools\MSVC\14.36.32532\include\istream(275,39): message : or       'std::basic_istream<char,std::char_traits<char>> &std::basic_istream<char,std::char_traits<char>>::operator >>(__int64 &)'
C:\Program Files\Microsoft Visual Studio\2022\Community\VC\Tools\MSVC\14.36.32532\include\istream(271,39): message : or       'std::basic_istream<char,std::char_traits<char>> &std::basic_istream<char,std::char_traits<char>>::operator >>(unsigned long &)'
C:\Program Files\Microsoft Visual Studio\2022\Community\VC\Tools\MSVC\14.36.32532\include\istream(267,39): message : or       'std::basic_istream<char,std::char_traits<char>> &std::basic_istream<char,std::char_traits<char>>::operator >>(long &)'
C:\Program Files\Microsoft Visual Studio\2022\Community\VC\Tools\MSVC\14.36.32532\include\istream(263,39): message : or       'std::basic_istream<char,std::char_traits<char>> &std::basic_istream<char,std::char_traits<char>>::operator >>(unsigned int &)'
C:\Program Files\Microsoft Visual Studio\2022\Community\VC\Tools\MSVC\14.36.32532\include\istream(255,39): message : or       'std::basic_istream<char,std::char_traits<char>> &std::basic_istream<char,std::char_traits<char>>::operator >>(int &)'
C:\Program Files\Microsoft Visual Studio\2022\Community\VC\Tools\MSVC\14.36.32532\include\istream(251,39): message : or       'std::basic_istream<char,std::char_traits<char>> &std::basic_istream<char,std::char_traits<char>>::operator >>(unsigned short &)'
C:\Program Files\Microsoft Visual Studio\2022\Community\VC\Tools\MSVC\14.36.32532\include\istream(219,39): message : or       'std::basic_istream<char,std::char_traits<char>> &std::basic_istream<char,std::char_traits<char>>::operator >>(short &)'
C:\Program Files\Microsoft Visual Studio\2022\Community\VC\Tools\MSVC\14.36.32532\include\istream(215,39): message : or       'std::basic_istream<char,std::char_traits<char>> &std::basic_istream<char,std::char_traits<char>>::operator >>(bool &)'
C:\Program Files\Microsoft Visual Studio\2022\Community\VC\Tools\MSVC\14.36.32532\include\istream(186,39): message : or       'std::basic_istream<char,std::char_traits<char>> &std::basic_istream<char,std::char_traits<char>>::operator >>(std::ios_base &(__cdecl *)(std::ios_base &))'
C:\Program Files\Microsoft Visual Studio\2022\Community\VC\Tools\MSVC\14.36.32532\include\istream(181,39): message : or       'std::basic_istream<char,std::char_traits<char>> &std::basic_istream<char,std::char_traits<char>>::operator >>(std::basic_ios<char,std::char_traits<char>> &(__cdecl *)(std::basic_ios<char,std::char_traits<char>> &))'
C:\Program Files\Microsoft Visual Studio\2022\Community\VC\Tools\MSVC\14.36.32532\include\istream(176,39): message : or       'std::basic_istream<char,std::char_traits<char>> &std::basic_istream<char,std::char_traits<char>>::operator >>(std::basic_istream<char,std::char_traits<char>> &(__cdecl *)(std::basic_istream<char,std::char_traits<char>> &))'
C:\Users\Nicole Chan\Desktop\Seneca-Summer-2023\OOP244\MS03\Date.h(76,18): message : or       'std::istream &sdds::operator >>(std::istream &,sdds::Date &)'
C:\Users\Nicole Chan\Desktop\Seneca-Summer-2023\OOP244\MS03\ms3_tester.cpp(27,4): message : or       'built-in C++ operator>>(int, int)'
C:\Program Files\Microsoft Visual Studio\2022\Community\VC\Tools\MSVC\14.36.32532\include\istream(902,9): message : or       '_Istr &&std::operator >>(_Istr &&,_Ty &&)'
C:\Users\Nicole Chan\Desktop\Seneca-Summer-2023\OOP244\MS03\ms3_tester.cpp(27,13): message : '_Istr &&std::operator >>(_Istr &&,_Ty &&)': could not deduce template argument for '__formal'
C:\Program Files\Microsoft Visual Studio\2022\Community\VC\Tools\MSVC\14.36.32532\include\istream(889,31): message : or       'std::basic_istream<char,_Traits> &std::operator >>(std::basic_istream<char,_Traits> &,unsigned char &)'
C:\Users\Nicole Chan\Desktop\Seneca-Summer-2023\OOP244\MS03\ms3_tester.cpp(27,12): message : 'initializing': cannot convert from 'sdds::Publication' to 'unsigned char &'
C:\Program Files\Microsoft Visual Studio\2022\Community\VC\Tools\MSVC\14.36.32532\include\istream(883,31): message : or       'std::basic_istream<char,_Traits> &std::operator >>(std::basic_istream<char,_Traits> &,signed char &)'
C:\Users\Nicole Chan\Desktop\Seneca-Summer-2023\OOP244\MS03\ms3_tester.cpp(27,12): message : 'initializing': cannot convert from 'sdds::Publication' to 'signed char &'
C:\Program Files\Microsoft Visual Studio\2022\Community\VC\Tools\MSVC\14.36.32532\include\istream(860,32): message : or       'std::basic_istream<_Elem,_Traits> &std::operator >>(std::basic_istream<_Elem,_Traits> &,_Elem &)'
C:\Users\Nicole Chan\Desktop\Seneca-Summer-2023\OOP244\MS03\ms3_tester.cpp(27,4): message : 'std::basic_istream<_Elem,_Traits> &std::operator >>(std::basic_istream<_Elem,_Traits> &,_Elem &)': template parameter '_Elem' is ambiguous
C:\Users\Nicole Chan\Desktop\Seneca-Summer-2023\OOP244\MS03\ms3_tester.cpp(27,4): message : could be 'sdds::Publication'
C:\Users\Nicole Chan\Desktop\Seneca-Summer-2023\OOP244\MS03\ms3_tester.cpp(27,4): message : or       'char'
C:\Users\Nicole Chan\Desktop\Seneca-Summer-2023\OOP244\MS03\ms3_tester.cpp(27,4): message : 'std::basic_istream<_Elem,_Traits> &std::operator >>(std::basic_istream<_Elem,_Traits> &,_Elem &)': could not deduce template argument for '_Elem &' from 'sdds::Publication'
C:\Program Files\Microsoft Visual Studio\2022\Community\VC\Tools\MSVC\14.36.32532\include\istream(854,31): message : or       'std::basic_istream<char,_Traits> &std::operator >>(std::basic_istream<char,_Traits> &,unsigned char *)'
C:\Users\Nicole Chan\Desktop\Seneca-Summer-2023\OOP244\MS03\ms3_tester.cpp(27,12): message : 'initializing': cannot convert from 'sdds::Publication' to 'unsigned char *'
C:\Users\Nicole Chan\Desktop\Seneca-Summer-2023\OOP244\MS03\ms3_tester.cpp(27,12): message : No user-defined-conversion operator available that can perform this conversion, or the operator cannot be called
C:\Program Files\Microsoft Visual Studio\2022\Community\VC\Tools\MSVC\14.36.32532\include\istream(849,31): message : or       'std::basic_istream<char,_Traits> &std::operator >>(std::basic_istream<char,_Traits> &,signed char *)'
C:\Users\Nicole Chan\Desktop\Seneca-Summer-2023\OOP244\MS03\ms3_tester.cpp(27,12): message : 'initializing': cannot convert from 'sdds::Publication' to 'signed char *'
C:\Users\Nicole Chan\Desktop\Seneca-Summer-2023\OOP244\MS03\ms3_tester.cpp(27,12): message : No user-defined-conversion operator available that can perform this conversion, or the operator cannot be called
C:\Program Files\Microsoft Visual Studio\2022\Community\VC\Tools\MSVC\14.36.32532\include\istream(844,32): message : or       'std::basic_istream<_Elem,_Traits> &std::operator >>(std::basic_istream<_Elem,_Traits> &,_Elem *)'
C:\Users\Nicole Chan\Desktop\Seneca-Summer-2023\OOP244\MS03\ms3_tester.cpp(27,4): message : 'std::basic_istream<_Elem,_Traits> &std::operator >>(std::basic_istream<_Elem,_Traits> &,_Elem *)': could not deduce template argument for '_Elem *' from 'sdds::Publication'
C:\Program Files\Microsoft Visual Studio\2022\Community\VC\Tools\MSVC\14.36.32532\include\xstring(5172,32): message : or       'std::basic_istream<_Elem,_Traits> &std::operator >>(std::basic_istream<_Elem,_Traits> &,std::basic_string<_Elem,_Traits,_Alloc> &)'
C:\Users\Nicole Chan\Desktop\Seneca-Summer-2023\OOP244\MS03\ms3_tester.cpp(27,4): message : 'std::basic_istream<_Elem,_Traits> &std::operator >>(std::basic_istream<_Elem,_Traits> &,std::basic_string<_Elem,_Traits,_Alloc> &)': could not deduce template argument for 'std::basic_string<_Elem,_Traits,_Alloc> &' from 'sdds::Publication'
C:\Users\Nicole Chan\Desktop\Seneca-Summer-2023\OOP244\MS03\ms3_tester.cpp(27,4): message : while trying to match the argument list '(std::istream, sdds::Publication)'
C:\Users\Nicole Chan\Desktop\Seneca-Summer-2023\OOP244\MS03\ms3_tester.cpp(32,4): error C2678: binary '>>': no operator found which takes a left-hand operand of type 'std::ifstream' (or there is no acceptable conversion)
C:\Program Files\Microsoft Visual Studio\2022\Community\VC\Tools\MSVC\14.36.32532\include\istream(299,39): message : could be 'std::basic_istream<char,std::char_traits<char>> &std::basic_istream<char,std::char_traits<char>>::operator >>(std::basic_streambuf<char,std::char_traits<char>> *)'
C:\Program Files\Microsoft Visual Studio\2022\Community\VC\Tools\MSVC\14.36.32532\include\istream(295,39): message : or       'std::basic_istream<char,std::char_traits<char>> &std::basic_istream<char,std::char_traits<char>>::operator >>(void *&)'
C:\Program Files\Microsoft Visual Studio\2022\Community\VC\Tools\MSVC\14.36.32532\include\istream(291,39): message : or       'std::basic_istream<char,std::char_traits<char>> &std::basic_istream<char,std::char_traits<char>>::operator >>(long double &)'
C:\Program Files\Microsoft Visual Studio\2022\Community\VC\Tools\MSVC\14.36.32532\include\istream(287,39): message : or       'std::basic_istream<char,std::char_traits<char>> &std::basic_istream<char,std::char_traits<char>>::operator >>(double &)'
C:\Program Files\Microsoft Visual Studio\2022\Community\VC\Tools\MSVC\14.36.32532\include\istream(283,39): message : or       'std::basic_istream<char,std::char_traits<char>> &std::basic_istream<char,std::char_traits<char>>::operator >>(float &)'
C:\Program Files\Microsoft Visual Studio\2022\Community\VC\Tools\MSVC\14.36.32532\include\istream(279,39): message : or       'std::basic_istream<char,std::char_traits<char>> &std::basic_istream<char,std::char_traits<char>>::operator >>(unsigned __int64 &)'
C:\Program Files\Microsoft Visual Studio\2022\Community\VC\Tools\MSVC\14.36.32532\include\istream(275,39): message : or       'std::basic_istream<char,std::char_traits<char>> &std::basic_istream<char,std::char_traits<char>>::operator >>(__int64 &)'
C:\Program Files\Microsoft Visual Studio\2022\Community\VC\Tools\MSVC\14.36.32532\include\istream(271,39): message : or       'std::basic_istream<char,std::char_traits<char>> &std::basic_istream<char,std::char_traits<char>>::operator >>(unsigned long &)'
C:\Program Files\Microsoft Visual Studio\2022\Community\VC\Tools\MSVC\14.36.32532\include\istream(267,39): message : or       'std::basic_istream<char,std::char_traits<char>> &std::basic_istream<char,std::char_traits<char>>::operator >>(long &)'
C:\Program Files\Microsoft Visual Studio\2022\Community\VC\Tools\MSVC\14.36.32532\include\istream(263,39): message : or       'std::basic_istream<char,std::char_traits<char>> &std::basic_istream<char,std::char_traits<char>>::operator >>(unsigned int &)'
C:\Program Files\Microsoft Visual Studio\2022\Community\VC\Tools\MSVC\14.36.32532\include\istream(255,39): message : or       'std::basic_istream<char,std::char_traits<char>> &std::basic_istream<char,std::char_traits<char>>::operator >>(int &)'
C:\Program Files\Microsoft Visual Studio\2022\Community\VC\Tools\MSVC\14.36.32532\include\istream(251,39): message : or       'std::basic_istream<char,std::char_traits<char>> &std::basic_istream<char,std::char_traits<char>>::operator >>(unsigned short &)'
C:\Program Files\Microsoft Visual Studio\2022\Community\VC\Tools\MSVC\14.36.32532\include\istream(219,39): message : or       'std::basic_istream<char,std::char_traits<char>> &std::basic_istream<char,std::char_traits<char>>::operator >>(short &)'
C:\Program Files\Microsoft Visual Studio\2022\Community\VC\Tools\MSVC\14.36.32532\include\istream(215,39): message : or       'std::basic_istream<char,std::char_traits<char>> &std::basic_istream<char,std::char_traits<char>>::operator >>(bool &)'
C:\Program Files\Microsoft Visual Studio\2022\Community\VC\Tools\MSVC\14.36.32532\include\istream(186,39): message : or       'std::basic_istream<char,std::char_traits<char>> &std::basic_istream<char,std::char_traits<char>>::operator >>(std::ios_base &(__cdecl *)(std::ios_base &))'
C:\Program Files\Microsoft Visual Studio\2022\Community\VC\Tools\MSVC\14.36.32532\include\istream(181,39): message : or       'std::basic_istream<char,std::char_traits<char>> &std::basic_istream<char,std::char_traits<char>>::operator >>(std::basic_ios<char,std::char_traits<char>> &(__cdecl *)(std::basic_ios<char,std::char_traits<char>> &))'
C:\Program Files\Microsoft Visual Studio\2022\Community\VC\Tools\MSVC\14.36.32532\include\istream(176,39): message : or       'std::basic_istream<char,std::char_traits<char>> &std::basic_istream<char,std::char_traits<char>>::operator >>(std::basic_istream<char,std::char_traits<char>> &(__cdecl *)(std::basic_istream<char,std::char_traits<char>> &))'
C:\Users\Nicole Chan\Desktop\Seneca-Summer-2023\OOP244\MS03\Date.h(76,18): message : or       'std::istream &sdds::operator >>(std::istream &,sdds::Date &)'
C:\Users\Nicole Chan\Desktop\Seneca-Summer-2023\OOP244\MS03\ms3_tester.cpp(32,4): message : or       'built-in C++ operator>>(int, int)'
C:\Program Files\Microsoft Visual Studio\2022\Community\VC\Tools\MSVC\14.36.32532\include\istream(902,9): message : or       '_Istr &&std::operator >>(_Istr &&,_Ty &&)'
C:\Users\Nicole Chan\Desktop\Seneca-Summer-2023\OOP244\MS03\ms3_tester.cpp(32,14): message : '_Istr &&std::operator >>(_Istr &&,_Ty &&)': could not deduce template argument for '__formal'
C:\Program Files\Microsoft Visual Studio\2022\Community\VC\Tools\MSVC\14.36.32532\include\istream(889,31): message : or       'std::basic_istream<char,_Traits> &std::operator >>(std::basic_istream<char,_Traits> &,unsigned char &)'
C:\Users\Nicole Chan\Desktop\Seneca-Summer-2023\OOP244\MS03\ms3_tester.cpp(32,4): message : 'std::basic_istream<char,_Traits> &std::operator >>(std::basic_istream<char,_Traits> &,unsigned char &)': could not deduce template argument for 'std::basic_istream<char,_Traits> &' from 'std::ifstream'
C:\Users\Nicole Chan\Desktop\Seneca-Summer-2023\OOP244\MS03\ms3_tester.cpp(32,13): message : 'initializing': cannot convert from 'sdds::Publication' to 'unsigned char &'
C:\Program Files\Microsoft Visual Studio\2022\Community\VC\Tools\MSVC\14.36.32532\include\istream(883,31): message : or       'std::basic_istream<char,_Traits> &std::operator >>(std::basic_istream<char,_Traits> &,signed char &)'
C:\Users\Nicole Chan\Desktop\Seneca-Summer-2023\OOP244\MS03\ms3_tester.cpp(32,4): message : 'std::basic_istream<char,_Traits> &std::operator >>(std::basic_istream<char,_Traits> &,signed char &)': could not deduce template argument for 'std::basic_istream<char,_Traits> &' from 'std::ifstream'
C:\Users\Nicole Chan\Desktop\Seneca-Summer-2023\OOP244\MS03\ms3_tester.cpp(32,13): message : 'initializing': cannot convert from 'sdds::Publication' to 'signed char &'
C:\Program Files\Microsoft Visual Studio\2022\Community\VC\Tools\MSVC\14.36.32532\include\istream(860,32): message : or       'std::basic_istream<_Elem,_Traits> &std::operator >>(std::basic_istream<_Elem,_Traits> &,_Elem &)'
C:\Users\Nicole Chan\Desktop\Seneca-Summer-2023\OOP244\MS03\ms3_tester.cpp(32,4): message : 'std::basic_istream<_Elem,_Traits> &std::operator >>(std::basic_istream<_Elem,_Traits> &,_Elem &)': could not deduce template argument for 'std::basic_istream<_Elem,_Traits> &' from 'std::ifstream'
C:\Users\Nicole Chan\Desktop\Seneca-Summer-2023\OOP244\MS03\ms3_tester.cpp(32,4): message : 'std::basic_istream<_Elem,_Traits> &std::operator >>(std::basic_istream<_Elem,_Traits> &,_Elem &)': template parameter '_Elem' is ambiguous
C:\Users\Nicole Chan\Desktop\Seneca-Summer-2023\OOP244\MS03\ms3_tester.cpp(32,4): message : could be 'sdds::Publication'
C:\Users\Nicole Chan\Desktop\Seneca-Summer-2023\OOP244\MS03\ms3_tester.cpp(32,4): message : or       'char'
C:\Users\Nicole Chan\Desktop\Seneca-Summer-2023\OOP244\MS03\ms3_tester.cpp(32,4): message : 'std::basic_istream<_Elem,_Traits> &std::operator >>(std::basic_istream<_Elem,_Traits> &,_Elem &)': could not deduce template argument for '_Elem &' from 'sdds::Publication'
C:\Program Files\Microsoft Visual Studio\2022\Community\VC\Tools\MSVC\14.36.32532\include\istream(854,31): message : or       'std::basic_istream<char,_Traits> &std::operator >>(std::basic_istream<char,_Traits> &,unsigned char *)'
C:\Users\Nicole Chan\Desktop\Seneca-Summer-2023\OOP244\MS03\ms3_tester.cpp(32,4): message : 'std::basic_istream<char,_Traits> &std::operator >>(std::basic_istream<char,_Traits> &,unsigned char *)': could not deduce template argument for 'std::basic_istream<char,_Traits> &' from 'std::ifstream'
C:\Users\Nicole Chan\Desktop\Seneca-Summer-2023\OOP244\MS03\ms3_tester.cpp(32,13): message : 'initializing': cannot convert from 'sdds::Publication' to 'unsigned char *'
C:\Users\Nicole Chan\Desktop\Seneca-Summer-2023\OOP244\MS03\ms3_tester.cpp(32,13): message : No user-defined-conversion operator available that can perform this conversion, or the operator cannot be called
C:\Program Files\Microsoft Visual Studio\2022\Community\VC\Tools\MSVC\14.36.32532\include\istream(849,31): message : or       'std::basic_istream<char,_Traits> &std::operator >>(std::basic_istream<char,_Traits> &,signed char *)'
C:\Users\Nicole Chan\Desktop\Seneca-Summer-2023\OOP244\MS03\ms3_tester.cpp(32,4): message : 'std::basic_istream<char,_Traits> &std::operator >>(std::basic_istream<char,_Traits> &,signed char *)': could not deduce template argument for 'std::basic_istream<char,_Traits> &' from 'std::ifstream'
C:\Users\Nicole Chan\Desktop\Seneca-Summer-2023\OOP244\MS03\ms3_tester.cpp(32,13): message : 'initializing': cannot convert from 'sdds::Publication' to 'signed char *'
C:\Users\Nicole Chan\Desktop\Seneca-Summer-2023\OOP244\MS03\ms3_tester.cpp(32,13): message : No user-defined-conversion operator available that can perform this conversion, or the operator cannot be called
C:\Program Files\Microsoft Visual Studio\2022\Community\VC\Tools\MSVC\14.36.32532\include\istream(844,32): message : or       'std::basic_istream<_Elem,_Traits> &std::operator >>(std::basic_istream<_Elem,_Traits> &,_Elem *)'
C:\Users\Nicole Chan\Desktop\Seneca-Summer-2023\OOP244\MS03\ms3_tester.cpp(32,4): message : 'std::basic_istream<_Elem,_Traits> &std::operator >>(std::basic_istream<_Elem,_Traits> &,_Elem *)': could not deduce template argument for 'std::basic_istream<_Elem,_Traits> &' from 'std::ifstream'
C:\Users\Nicole Chan\Desktop\Seneca-Summer-2023\OOP244\MS03\ms3_tester.cpp(32,4): message : 'std::basic_istream<_Elem,_Traits> &std::operator >>(std::basic_istream<_Elem,_Traits> &,_Elem *)': could not deduce template argument for '_Elem *' from 'sdds::Publication'
C:\Program Files\Microsoft Visual Studio\2022\Community\VC\Tools\MSVC\14.36.32532\include\xstring(5172,32): message : or       'std::basic_istream<_Elem,_Traits> &std::operator >>(std::basic_istream<_Elem,_Traits> &,std::basic_string<_Elem,_Traits,_Alloc> &)'
C:\Users\Nicole Chan\Desktop\Seneca-Summer-2023\OOP244\MS03\ms3_tester.cpp(32,4): message : 'std::basic_istream<_Elem,_Traits> &std::operator >>(std::basic_istream<_Elem,_Traits> &,std::basic_string<_Elem,_Traits,_Alloc> &)': could not deduce template argument for 'std::basic_istream<_Elem,_Traits> &' from 'std::ifstream'
C:\Users\Nicole Chan\Desktop\Seneca-Summer-2023\OOP244\MS03\ms3_tester.cpp(32,4): message : 'std::basic_istream<_Elem,_Traits> &std::operator >>(std::basic_istream<_Elem,_Traits> &,std::basic_string<_Elem,_Traits,_Alloc> &)': could not deduce template argument for 'std::basic_string<_Elem,_Traits,_Alloc> &' from 'sdds::Publication'
C:\Users\Nicole Chan\Desktop\Seneca-Summer-2023\OOP244\MS03\ms3_tester.cpp(32,4): message : while trying to match the argument list '(std::ifstream, sdds::Publication)'
C:\Users\Nicole Chan\Desktop\Seneca-Summer-2023\OOP244\MS03\ms3_tester.cpp(86,12): error C2593: 'operator <<' is ambiguous
C:\Program Files\Microsoft Visual Studio\2022\Community\VC\Tools\MSVC\14.36.32532\include\ostream(272,39): message : could be 'std::basic_ostream<char,std::char_traits<char>> &std::basic_ostream<char,std::char_traits<char>>::operator <<(int)'
C:\Users\Nicole Chan\Desktop\Seneca-Summer-2023\OOP244\MS03\Streamable.h(68,19): message : or       'std::ostream &sdds::operator <<(std::ostream &,const int)'
C:\Users\Nicole Chan\Desktop\Seneca-Summer-2023\OOP244\MS03\ms3_tester.cpp(86,12): message : while trying to match the argument list '(std::basic_ostream<char,std::char_traits<char>>, int)'
C:\Users\Nicole Chan\Desktop\Seneca-Summer-2023\OOP244\MS03\ms3_tester.cpp(113,10): error C2593: 'operator <<' is ambiguous
C:\Program Files\Microsoft Visual Studio\2022\Community\VC\Tools\MSVC\14.36.32532\include\ostream(272,39): message : could be 'std::basic_ostream<char,std::char_traits<char>> &std::basic_ostream<char,std::char_traits<char>>::operator <<(int)'
C:\Users\Nicole Chan\Desktop\Seneca-Summer-2023\OOP244\MS03\Streamable.h(68,19): message : or       'std::ostream &sdds::operator <<(std::ostream &,const int)'
C:\Users\Nicole Chan\Desktop\Seneca-Summer-2023\OOP244\MS03\ms3_tester.cpp(113,10): message : while trying to match the argument list '(std::ostream, int)'
  Publication.cpp
C:\Users\Nicole Chan\Desktop\Seneca-Summer-2023\OOP244\MS03\Streamable.h(54,21): error C2523: 'sdds::Streamable::~Lib': destructor tag mismatch
C:\Users\Nicole Chan\Desktop\Seneca-Summer-2023\OOP244\MS03\Streamable.h(62,48): error C2061: syntax error: identifier 'Lib'
C:\Users\Nicole Chan\Desktop\Seneca-Summer-2023\OOP244\MS03\Streamable.h(62,19): error C2805: binary 'operator >>' has too few parameters
C:\Users\Nicole Chan\Desktop\Seneca-Summer-2023\OOP244\MS03\Streamable.h(68,57): error C4430: missing type specifier - int assumed. Note: C++ does not support default-int
C:\Users\Nicole Chan\Desktop\Seneca-Summer-2023\OOP244\MS03\Streamable.h(68,57): error C2143: syntax error: missing ',' before '&'
C:\Users\Nicole Chan\Desktop\Seneca-Summer-2023\OOP244\MS03\Publication.h(37,33): error C2504: 'Lib': base class undefined
C:\Users\Nicole Chan\Desktop\Seneca-Summer-2023\OOP244\MS03\Publication.cpp(84,15): error C2593: 'operator <<' is ambiguous
C:\Program Files\Microsoft Visual Studio\2022\Community\VC\Tools\MSVC\14.36.32532\include\ostream(272,39): message : could be 'std::basic_ostream<char,std::char_traits<char>> &std::basic_ostream<char,std::char_traits<char>>::operator <<(int)'
C:\Users\Nicole Chan\Desktop\Seneca-Summer-2023\OOP244\MS03\Streamable.h(68,19): message : or       'std::ostream &sdds::operator <<(std::ostream &,const int)'
C:\Users\Nicole Chan\Desktop\Seneca-Summer-2023\OOP244\MS03\Publication.cpp(84,15): message : while trying to match the argument list '(std::ostream, const int)'
C:\Users\Nicole Chan\Desktop\Seneca-Summer-2023\OOP244\MS03\Publication.cpp(88,17): error C2593: 'operator <<' is ambiguous
C:\Program Files\Microsoft Visual Studio\2022\Community\VC\Tools\MSVC\14.36.32532\include\ostream(272,39): message : could be 'std::basic_ostream<char,std::char_traits<char>> &std::basic_ostream<char,std::char_traits<char>>::operator <<(int)'
C:\Users\Nicole Chan\Desktop\Seneca-Summer-2023\OOP244\MS03\Streamable.h(68,19): message : or       'std::ostream &sdds::operator <<(std::ostream &,const int)'
C:\Users\Nicole Chan\Desktop\Seneca-Summer-2023\OOP244\MS03\Publication.cpp(88,17): message : while trying to match the argument list '(std::basic_ostream<char,std::char_traits<char>>, const int)'
C:\Users\Nicole Chan\Desktop\Seneca-Summer-2023\OOP244\MS03\Publication.cpp(89,15): error C2593: 'operator <<' is ambiguous
C:\Program Files\Microsoft Visual Studio\2022\Community\VC\Tools\MSVC\14.36.32532\include\ostream(272,39): message : could be 'std::basic_ostream<char,std::char_traits<char>> &std::basic_ostream<char,std::char_traits<char>>::operator <<(int)'
C:\Users\Nicole Chan\Desktop\Seneca-Summer-2023\OOP244\MS03\Streamable.h(68,19): message : or       'std::ostream &sdds::operator <<(std::ostream &,const int)'
C:\Users\Nicole Chan\Desktop\Seneca-Summer-2023\OOP244\MS03\Publication.cpp(89,15): message : while trying to match the argument list '(std::ostream, const int)'
  Streamable.cpp
C:\Users\Nicole Chan\Desktop\Seneca-Summer-2023\OOP244\MS03\Streamable.h(54,21): error C2523: 'sdds::Streamable::~Lib': destructor tag mismatch
C:\Users\Nicole Chan\Desktop\Seneca-Summer-2023\OOP244\MS03\Streamable.h(62,48): error C2061: syntax error: identifier 'Lib'
C:\Users\Nicole Chan\Desktop\Seneca-Summer-2023\OOP244\MS03\Streamable.h(62,19): error C2805: binary 'operator >>' has too few parameters
C:\Users\Nicole Chan\Desktop\Seneca-Summer-2023\OOP244\MS03\Streamable.h(68,57): error C4430: missing type specifier - int assumed. Note: C++ does not support default-int
C:\Users\Nicole Chan\Desktop\Seneca-Summer-2023\OOP244\MS03\Streamable.h(68,57): error C2143: syntax error: missing ',' before '&'
  Utils.cpp
  Generating Code...
