c:\users\nicole chan\desktop\seneca-summer-2023\oop244\ms05\x64\debug\vc143.pdb
c:\users\nicole chan\desktop\seneca-summer-2023\oop244\ms05\x64\debug\vc143.idb
c:\users\nicole chan\desktop\seneca-summer-2023\oop244\ms05\x64\debug\utils.obj
c:\users\nicole chan\desktop\seneca-summer-2023\oop244\ms05\x64\debug\streamable.obj
c:\users\nicole chan\desktop\seneca-summer-2023\oop244\ms05\x64\debug\publication.obj
c:\users\nicole chan\desktop\seneca-summer-2023\oop244\ms05\x64\debug\menu.obj
c:\users\nicole chan\desktop\seneca-summer-2023\oop244\ms05\x64\debug\libappmain.obj
c:\users\nicole chan\desktop\seneca-summer-2023\oop244\ms05\x64\debug\libapp.obj
c:\users\nicole chan\desktop\seneca-summer-2023\oop244\ms05\x64\debug\date.obj
c:\users\nicole chan\desktop\seneca-summer-2023\oop244\ms05\x64\debug\book.obj
c:\users\nicole chan\desktop\seneca-summer-2023\oop244\ms05\x64\debug\ms05.ilk
c:\users\nicole chan\desktop\seneca-summer-2023\oop244\ms05\x64\debug\ms05.exe
c:\users\nicole chan\desktop\seneca-summer-2023\oop244\ms05\x64\debug\ms05.pdb
c:\users\nicole chan\desktop\seneca-summer-2023\oop244\ms05\x64\debug\ms05.tlog\cl.command.1.tlog
c:\users\nicole chan\desktop\seneca-summer-2023\oop244\ms05\x64\debug\ms05.tlog\cl.items.tlog
c:\users\nicole chan\desktop\seneca-summer-2023\oop244\ms05\x64\debug\ms05.tlog\cl.read.1.tlog
c:\users\nicole chan\desktop\seneca-summer-2023\oop244\ms05\x64\debug\ms05.tlog\cl.write.1.tlog
c:\users\nicole chan\desktop\seneca-summer-2023\oop244\ms05\x64\debug\ms05.tlog\link.command.1.tlog
c:\users\nicole chan\desktop\seneca-summer-2023\oop244\ms05\x64\debug\ms05.tlog\link.read.1.tlog
c:\users\nicole chan\desktop\seneca-summer-2023\oop244\ms05\x64\debug\ms05.tlog\link.write.1.tlog
